<?xml version="1.0" encoding="UTF-8"?>
<!-- Generated by org.testng.reporters.JUnitReportReporter -->
<testsuite hostname="LAPTOP-H6POAKCL" failures="0" tests="1" name="com.testing.LoginPageTest" time="8.304" errors="0" timestamp="2022-09-28T13:01:21 IST" skipped="0">
  <testcase classname="com.testing.LoginPageTest" name="loginPageTest" time="8.304"/>
  <system-out/>
</testsuite> <!-- com.testing.LoginPageTest -->
