<?xml version="1.0" encoding="UTF-8"?>
<!-- Generated by org.testng.reporters.JUnitReportReporter -->
<testsuite hostname="LAPTOP-H6POAKCL" failures="0" tests="1" name="com.testing.GooglePageTest" time="4.729" errors="0" timestamp="2022-09-28T12:26:36 IST" skipped="0">
  <testcase classname="com.testing.GooglePageTest" name="f" time="4.729"/>
  <system-out/>
</testsuite> <!-- com.testing.GooglePageTest -->
