<?xml version="1.0" encoding="UTF-8"?>
<!-- Generated by org.testng.reporters.JUnitReportReporter -->
<testsuite hostname="LAPTOP-H6POAKCL" failures="0" tests="2" name="com.service.HookTestingMethods" time="0.006" errors="0" timestamp="2022-09-27T09:48:00 IST" skipped="0">
  <testcase classname="com.service.HookTestingMethods" name="f2" time="0.001"/>
  <system-out/>
  <testcase classname="com.service.HookTestingMethods" name="f1" time="0.005"/>
  <system-out/>
</testsuite> <!-- com.service.HookTestingMethods -->
