<?xml version="1.0" encoding="UTF-8"?>
<!-- Generated by org.testng.reporters.JUnitReportReporter -->
<testsuite hostname="LAPTOP-H6POAKCL" failures="0" tests="1" name="com.service.SampleTest" time="0.000" errors="0" timestamp="2022-09-27T09:48:00 IST" skipped="0">
  <testcase classname="com.service.SampleTest" name="f2" time="0.000"/>
  <system-out/>
</testsuite> <!-- com.service.SampleTest -->
