<?xml version="1.0" encoding="UTF-8"?>
<!-- Generated by org.testng.reporters.JUnitReportReporter -->
<testsuite hostname="LAPTOP-H6POAKCL" failures="0" tests="4" name="com.service.AccountServiceTest" time="0.487" errors="0" timestamp="2022-09-26T13:05:25 IST" skipped="3">
  <testcase classname="com.service.AccountServiceTest" name="findBalanceTest" time="0.487"/>
  <system-out/>
  <testcase classname="com.service.AccountServiceTest" name="createAccountTest">
    <skipped/>
  </testcase> <!-- createAccountTest -->
  <system-out/>
  <testcase classname="com.service.AccountServiceTest" name="withdrawnTest">
    <skipped/>
  </testcase> <!-- withdrawnTest -->
  <system-out/>
  <testcase classname="com.service.AccountServiceTest" name="depositTest">
    <skipped/>
  </testcase> <!-- depositTest -->
  <system-out/>
</testsuite> <!-- com.service.AccountServiceTest -->
