<?xml version="1.0" encoding="UTF-8"?>
<!-- Generated by org.testng.reporters.JUnitReportReporter -->
<testsuite hostname="LAPTOP-H6POAKCL" failures="0" tests="2" name="com.service.CarTest" time="0.007" errors="0" timestamp="2022-09-27T10:14:38 IST" skipped="0">
  <testcase classname="com.service.CarTest" name="mailege" time="0.006"/>
  <system-out/>
  <testcase classname="com.service.CarTest" name="speed" time="0.001"/>
  <system-out/>
</testsuite> <!-- com.service.CarTest -->
