<?xml version="1.0" encoding="UTF-8"?>
<!-- Generated by org.testng.reporters.JUnitReportReporter -->
<testsuite hostname="LAPTOP-H6POAKCL" failures="0" tests="1" name="com.service.BikeTest" time="0.001" errors="0" timestamp="2022-09-27T10:14:38 IST" skipped="0">
  <testcase classname="com.service.BikeTest" name="speed" time="0.001"/>
  <system-out/>
</testsuite> <!-- com.service.BikeTest -->
